<?xml version="1.0" encoding="UTF-8"?>
<coverage generated="1576831424">
  <project timestamp="1576831424">
    <file name="/var/www/app/inc/authenticate.php">
      <line num="20" type="stmt" count="1"/>
      <line num="22" type="stmt" count="1"/>
      <line num="23" type="stmt" count="1"/>
      <line num="34" type="stmt" count="1"/>
      <line num="35" type="stmt" count="1"/>
      <line num="38" type="stmt" count="1"/>
      <line num="40" type="stmt" count="1"/>
      <line num="41" type="stmt" count="1"/>
      <line num="42" type="stmt" count="1"/>
      <line num="45" type="stmt" count="1"/>
      <line num="46" type="stmt" count="1"/>
      <line num="48" type="stmt" count="1"/>
      <line num="51" type="stmt" count="1"/>
      <line num="53" type="stmt" count="1"/>
      <line num="54" type="stmt" count="1"/>
      <line num="55" type="stmt" count="1"/>
      <line num="56" type="stmt" count="1"/>
      <line num="59" type="stmt" count="1"/>
      <line num="71" type="stmt" count="1"/>
      <line num="72" type="stmt" count="1"/>
      <line num="75" type="stmt" count="1"/>
      <line num="77" type="stmt" count="1"/>
      <line num="78" type="stmt" count="1"/>
      <line num="79" type="stmt" count="1"/>
      <line num="80" type="stmt" count="1"/>
      <line num="81" type="stmt" count="1"/>
      <line num="82" type="stmt" count="1"/>
      <line num="83" type="stmt" count="1"/>
      <line num="84" type="stmt" count="1"/>
      <line num="86" type="stmt" count="1"/>
      <line num="87" type="stmt" count="1"/>
      <line num="88" type="stmt" count="1"/>
      <line num="91" type="stmt" count="1"/>
      <metrics loc="92" ncloc="68" classes="0" methods="0" coveredmethods="0" conditionals="0" coveredconditionals="0" statements="33" coveredstatements="33" elements="33" coveredelements="33"/>
    </file>
    <file name="/var/www/app/inc/management.php">
      <line num="24" type="stmt" count="1"/>
      <line num="26" type="stmt" count="1"/>
      <line num="27" type="stmt" count="1"/>
      <line num="29" type="stmt" count="1"/>
      <line num="31" type="stmt" count="1"/>
      <line num="33" type="stmt" count="1"/>
      <line num="34" type="stmt" count="1"/>
      <line num="36" type="stmt" count="1"/>
      <line num="47" type="stmt" count="1"/>
      <line num="49" type="stmt" count="1"/>
      <line num="63" type="stmt" count="2"/>
      <line num="64" type="stmt" count="0"/>
      <line num="67" type="stmt" count="2"/>
      <line num="68" type="stmt" count="2"/>
      <line num="69" type="stmt" count="2"/>
      <line num="71" type="stmt" count="2"/>
      <line num="84" type="stmt" count="1"/>
      <line num="85" type="stmt" count="1"/>
      <line num="88" type="stmt" count="1"/>
      <line num="91" type="stmt" count="1"/>
      <line num="92" type="stmt" count="1"/>
      <line num="93" type="stmt" count="1"/>
      <line num="97" type="stmt" count="1"/>
      <line num="98" type="stmt" count="1"/>
      <line num="99" type="stmt" count="1"/>
      <line num="101" type="stmt" count="1"/>
      <line num="104" type="stmt" count="1"/>
      <line num="105" type="stmt" count="1"/>
      <line num="106" type="stmt" count="1"/>
      <line num="108" type="stmt" count="1"/>
      <line num="109" type="stmt" count="1"/>
      <line num="110" type="stmt" count="1"/>
      <line num="111" type="stmt" count="1"/>
      <line num="114" type="stmt" count="1"/>
      <line num="115" type="stmt" count="1"/>
      <line num="116" type="stmt" count="1"/>
      <line num="117" type="stmt" count="1"/>
      <line num="120" type="stmt" count="1"/>
      <line num="121" type="stmt" count="1"/>
      <line num="122" type="stmt" count="1"/>
      <line num="125" type="stmt" count="1"/>
      <line num="126" type="stmt" count="1"/>
      <line num="129" type="stmt" count="1"/>
      <line num="136" type="stmt" count="1"/>
      <line num="137" type="stmt" count="1"/>
      <line num="139" type="stmt" count="1"/>
      <line num="140" type="stmt" count="1"/>
      <line num="143" type="stmt" count="1"/>
      <line num="144" type="stmt" count="1"/>
      <line num="145" type="stmt" count="1"/>
      <line num="146" type="stmt" count="1"/>
      <line num="148" type="stmt" count="0"/>
      <line num="151" type="stmt" count="1"/>
      <line num="153" type="stmt" count="1"/>
      <line num="154" type="stmt" count="1"/>
      <line num="155" type="stmt" count="1"/>
      <line num="156" type="stmt" count="1"/>
      <line num="157" type="stmt" count="1"/>
      <line num="158" type="stmt" count="1"/>
      <line num="159" type="stmt" count="1"/>
      <line num="160" type="stmt" count="1"/>
      <line num="162" type="stmt" count="1"/>
      <line num="182" type="stmt" count="1"/>
      <line num="183" type="stmt" count="0"/>
      <line num="186" type="stmt" count="1"/>
      <line num="188" type="stmt" count="1"/>
      <line num="189" type="stmt" count="1"/>
      <line num="191" type="stmt" count="1"/>
      <line num="192" type="stmt" count="1"/>
      <line num="195" type="stmt" count="1"/>
      <line num="196" type="stmt" count="1"/>
      <line num="198" type="stmt" count="1"/>
      <line num="207" type="stmt" count="1"/>
      <line num="209" type="stmt" count="1"/>
      <line num="211" type="stmt" count="1"/>
      <line num="212" type="stmt" count="1"/>
      <line num="215" type="stmt" count="1"/>
      <line num="217" type="stmt" count="1"/>
      <line num="218" type="stmt" count="1"/>
      <line num="222" type="stmt" count="1"/>
      <line num="223" type="stmt" count="1"/>
      <line num="224" type="stmt" count="1"/>
      <line num="225" type="stmt" count="1"/>
      <line num="228" type="stmt" count="1"/>
      <line num="231" type="stmt" count="1"/>
      <line num="232" type="stmt" count="1"/>
      <line num="233" type="stmt" count="1"/>
      <line num="234" type="stmt" count="1"/>
      <line num="235" type="stmt" count="1"/>
      <line num="237" type="stmt" count="1"/>
      <line num="246" type="stmt" count="1"/>
      <line num="247" type="stmt" count="1"/>
      <line num="250" type="stmt" count="1"/>
      <line num="251" type="stmt" count="1"/>
      <line num="254" type="stmt" count="1"/>
      <line num="258" type="stmt" count="1"/>
      <line num="259" type="stmt" count="1"/>
      <line num="260" type="stmt" count="1"/>
      <line num="261" type="stmt" count="1"/>
      <line num="262" type="stmt" count="1"/>
      <line num="264" type="stmt" count="1"/>
      <line num="266" type="stmt" count="1"/>
      <line num="267" type="stmt" count="1"/>
      <line num="268" type="stmt" count="1"/>
      <line num="269" type="stmt" count="1"/>
      <line num="270" type="stmt" count="1"/>
      <line num="274" type="stmt" count="1"/>
      <line num="278" type="stmt" count="1"/>
      <line num="290" type="stmt" count="1"/>
      <line num="292" type="stmt" count="1"/>
      <line num="295" type="stmt" count="1"/>
      <line num="296" type="stmt" count="1"/>
      <line num="297" type="stmt" count="1"/>
      <line num="298" type="stmt" count="1"/>
      <line num="299" type="stmt" count="1"/>
      <line num="301" type="stmt" count="1"/>
      <line num="304" type="stmt" count="1"/>
      <line num="305" type="stmt" count="1"/>
      <line num="306" type="stmt" count="1"/>
      <line num="307" type="stmt" count="1"/>
      <line num="308" type="stmt" count="1"/>
      <line num="309" type="stmt" count="1"/>
      <line num="310" type="stmt" count="1"/>
      <line num="312" type="stmt" count="1"/>
      <line num="314" type="stmt" count="1"/>
      <line num="315" type="stmt" count="1"/>
      <line num="319" type="stmt" count="1"/>
      <metrics loc="320" ncloc="233" classes="0" methods="0" coveredmethods="0" conditionals="0" coveredconditionals="0" statements="127" coveredstatements="124" elements="127" coveredelements="124"/>
    </file>
    <file name="/var/www/app/inc/namespace.php">
      <line num="18" type="stmt" count="1"/>
      <line num="19" type="stmt" count="1"/>
      <line num="41" type="stmt" count="8"/>
      <line num="54" type="stmt" count="2"/>
      <line num="55" type="stmt" count="2"/>
      <line num="65" type="stmt" count="3"/>
      <line num="67" type="stmt" count="3"/>
      <line num="76" type="stmt" count="2"/>
      <line num="79" type="stmt" count="2"/>
      <line num="81" type="stmt" count="2"/>
      <line num="94" type="stmt" count="5"/>
      <line num="95" type="stmt" count="5"/>
      <line num="96" type="stmt" count="5"/>
      <line num="97" type="stmt" count="5"/>
      <line num="100" type="stmt" count="5"/>
      <line num="101" type="stmt" count="4"/>
      <line num="104" type="stmt" count="2"/>
      <metrics loc="197" ncloc="124" classes="0" methods="0" coveredmethods="0" conditionals="0" coveredconditionals="0" statements="17" coveredstatements="17" elements="17" coveredelements="17"/>
    </file>
    <file name="/var/www/app/inc/registration.php">
      <line num="21" type="stmt" count="1"/>
      <line num="23" type="stmt" count="1"/>
      <line num="25" type="stmt" count="1"/>
      <line num="28" type="stmt" count="1"/>
      <line num="29" type="stmt" count="1"/>
      <line num="37" type="stmt" count="1"/>
      <line num="40" type="stmt" count="1"/>
      <line num="41" type="stmt" count="1"/>
      <line num="43" type="stmt" count="1"/>
      <line num="44" type="stmt" count="1"/>
      <line num="47" type="stmt" count="1"/>
      <line num="48" type="stmt" count="1"/>
      <line num="68" type="stmt" count="1"/>
      <line num="69" type="stmt" count="1"/>
      <line num="72" type="stmt" count="1"/>
      <line num="73" type="stmt" count="1"/>
      <line num="75" type="stmt" count="1"/>
      <line num="77" type="stmt" count="1"/>
      <line num="78" type="stmt" count="1"/>
      <line num="79" type="stmt" count="1"/>
      <line num="82" type="stmt" count="1"/>
      <line num="84" type="stmt" count="1"/>
      <line num="86" type="stmt" count="1"/>
      <line num="87" type="stmt" count="1"/>
      <line num="90" type="stmt" count="1"/>
      <line num="92" type="stmt" count="1"/>
      <line num="94" type="stmt" count="1"/>
      <line num="95" type="stmt" count="1"/>
      <line num="98" type="stmt" count="1"/>
      <line num="101" type="stmt" count="1"/>
      <line num="102" type="stmt" count="1"/>
      <line num="104" type="stmt" count="1"/>
      <line num="115" type="stmt" count="1"/>
      <line num="117" type="stmt" count="1"/>
      <line num="118" type="stmt" count="1"/>
      <line num="121" type="stmt" count="1"/>
      <line num="123" type="stmt" count="1"/>
      <line num="124" type="stmt" count="1"/>
      <line num="126" type="stmt" count="1"/>
      <line num="127" type="stmt" count="1"/>
      <line num="128" type="stmt" count="1"/>
      <line num="131" type="stmt" count="1"/>
      <line num="133" type="stmt" count="1"/>
      <line num="135" type="stmt" count="1"/>
      <metrics loc="136" ncloc="92" classes="0" methods="0" coveredmethods="0" conditionals="0" coveredconditionals="0" statements="44" coveredstatements="44" elements="44" coveredelements="44"/>
    </file>
    <metrics files="4" loc="745" ncloc="517" classes="0" methods="0" coveredmethods="0" conditionals="0" coveredconditionals="0" statements="221" coveredstatements="218" elements="221" coveredelements="218"/>
  </project>
</coverage>
